<?xml version="1.0" encoding="UTF-8"?>
<testng-results skipped="0" failed="0" ignored="0" total="1" passed="1">
  <reporter-output>
  </reporter-output>
  <suite name="Default suite" duration-ms="86467" started-at="2019-06-15T13:53:35Z" finished-at="2019-06-15T13:55:01Z">
    <groups>
    </groups>
    <test name="Default test" duration-ms="86467" started-at="2019-06-15T13:53:35Z" finished-at="2019-06-15T13:55:01Z">
      <class name="com.mercedesbenz.AddToCart.TC001_AddToCartTest">
        <test-method status="PASS" signature="BrowserSetUp()[pri:0, instance:com.mercedesbenz.AddToCart.TC001_AddToCartTest@130d63be]" name="BrowserSetUp" is-config="true" duration-ms="12594" started-at="2019-06-15T13:53:35Z" finished-at="2019-06-15T13:53:47Z">
          <reporter-output>
          </reporter-output>
        </test-method> <!-- BrowserSetUp -->
        <test-method status="PASS" signature="AddToCart()[pri:0, instance:com.mercedesbenz.AddToCart.TC001_AddToCartTest@130d63be]" name="AddToCart" duration-ms="71728" started-at="2019-06-15T13:53:47Z" finished-at="2019-06-15T13:54:59Z">
          <reporter-output>
          </reporter-output>
        </test-method> <!-- AddToCart -->
        <test-method status="PASS" signature="tearDown()[pri:0, instance:com.mercedesbenz.AddToCart.TC001_AddToCartTest@130d63be]" name="tearDown" is-config="true" duration-ms="2103" started-at="2019-06-15T13:54:59Z" finished-at="2019-06-15T13:55:01Z">
          <reporter-output>
          </reporter-output>
        </test-method> <!-- tearDown -->
      </class> <!-- com.mercedesbenz.AddToCart.TC001_AddToCartTest -->
    </test> <!-- Default test -->
  </suite> <!-- Default suite -->
</testng-results>
